DEBUG (1): boot: [0] Application booted.
DEBUG (1): [0] Radio on on node 1!
DEBUG (1): timer: [Mote 1] starting timer...
DEBUG (1): timer: [1000] timer fired, counter now is 0.

DEBUG (1): CH4App: [Mote 1] REQ sent
ERROR (1): CH4App: ACK not received. Waiting for next timer call...
DEBUG (1): timer: [2000] timer fired, counter now is 1.

DEBUG (1): CH4App: [Mote 1] REQ sent
ERROR (1): CH4App: ACK not received. Waiting for next timer call...
DEBUG (1): timer: [3000] timer fired, counter now is 2.

DEBUG (1): CH4App: [Mote 1] REQ sent
ERROR (1): CH4App: ACK not received. Waiting for next timer call...
DEBUG (1): timer: [4000] timer fired, counter now is 3.

DEBUG (1): CH4App: [Mote 1] REQ sent
ERROR (1): CH4App: ACK not received. Waiting for next timer call...
DEBUG (1): timer: [5000] timer fired, counter now is 4.

DEBUG (1): CH4App: [Mote 1] REQ sent
ERROR (1): CH4App: ACK not received. Waiting for next timer call...
DEBUG (1): timer: [6000] timer fired, counter now is 5.

DEBUG (1): CH4App: [Mote 1] REQ sent
ERROR (1): CH4App: ACK not received. Waiting for next timer call...
DEBUG (1): timer: [7000] timer fired, counter now is 6.

DEBUG (1): CH4App: [Mote 1] REQ sent
ERROR (1): CH4App: ACK not received. Waiting for next timer call...
DEBUG (1): timer: [8000] timer fired, counter now is 7.

DEBUG (1): CH4App: [Mote 1] REQ sent
ERROR (1): CH4App: ACK not received. Waiting for next timer call...
DEBUG (1): timer: [9000] timer fired, counter now is 8.

DEBUG (1): CH4App: [Mote 1] REQ sent
ERROR (1): CH4App: ACK not received. Waiting for next timer call...
DEBUG (1): timer: [10000] timer fired, counter now is 9.

DEBUG (1): CH4App: [Mote 1] REQ sent
ERROR (1): CH4App: ACK not received. Waiting for next timer call...
DEBUG (1): timer: [11000] timer fired, counter now is 10.

DEBUG (1): CH4App: [Mote 1] REQ sent
ERROR (1): CH4App: ACK not received. Waiting for next timer call...
DEBUG (1): timer: [12000] timer fired, counter now is 11.

DEBUG (1): CH4App: [Mote 1] REQ sent
ERROR (1): CH4App: ACK not received. Waiting for next timer call...
DEBUG (1): timer: [13000] timer fired, counter now is 12.

DEBUG (1): CH4App: [Mote 1] REQ sent
ERROR (1): CH4App: ACK not received. Waiting for next timer call...
DEBUG (1): timer: [14000] timer fired, counter now is 13.

DEBUG (1): CH4App: [Mote 1] REQ sent
ERROR (1): CH4App: ACK not received. Waiting for next timer call...
DEBUG (1): timer: [15000] timer fired, counter now is 14.

DEBUG (1): CH4App: [Mote 1] REQ sent
ERROR (1): CH4App: ACK not received. Waiting for next timer call...
DEBUG (1): timer: [16000] timer fired, counter now is 15.

DEBUG (1): CH4App: [Mote 1] REQ sent
ERROR (1): CH4App: ACK not received. Waiting for next timer call...
DEBUG (1): timer: [17000] timer fired, counter now is 16.

DEBUG (1): CH4App: [Mote 1] REQ sent
ERROR (1): CH4App: ACK not received. Waiting for next timer call...
DEBUG (1): timer: [18000] timer fired, counter now is 17.

DEBUG (1): CH4App: [Mote 1] REQ sent
ERROR (1): CH4App: ACK not received. Waiting for next timer call...
DEBUG (1): timer: [19000] timer fired, counter now is 18.

DEBUG (1): CH4App: [Mote 1] REQ sent
ERROR (1): CH4App: ACK not received. Waiting for next timer call...
DEBUG (1): timer: [20000] timer fired, counter now is 19.

DEBUG (1): CH4App: [Mote 1] REQ sent
ERROR (1): CH4App: ACK not received. Waiting for next timer call...
DEBUG (1): timer: [21000] timer fired, counter now is 20.

DEBUG (1): CH4App: [Mote 1] REQ sent
ERROR (1): CH4App: ACK not received. Waiting for next timer call...
DEBUG (1): timer: [22000] timer fired, counter now is 21.

DEBUG (1): CH4App: [Mote 1] REQ sent
ERROR (1): CH4App: ACK not received. Waiting for next timer call...
DEBUG (1): timer: [23000] timer fired, counter now is 22.

DEBUG (1): CH4App: [Mote 1] REQ sent
ERROR (1): CH4App: ACK not received. Waiting for next timer call...
DEBUG (1): timer: [24000] timer fired, counter now is 23.

DEBUG (1): CH4App: [Mote 1] REQ sent
ERROR (1): CH4App: ACK not received. Waiting for next timer call...
DEBUG (1): timer: [25000] timer fired, counter now is 24.

DEBUG (1): CH4App: [Mote 1] REQ sent
ERROR (1): CH4App: ACK not received. Waiting for next timer call...
DEBUG (1): timer: [26000] timer fired, counter now is 25.

DEBUG (1): CH4App: [Mote 1] REQ sent
ERROR (1): CH4App: ACK not received. Waiting for next timer call...
DEBUG (1): timer: [27000] timer fired, counter now is 26.

DEBUG (1): CH4App: [Mote 1] REQ sent
ERROR (1): CH4App: ACK not received. Waiting for next timer call...
DEBUG (1): timer: [28000] timer fired, counter now is 27.

DEBUG (1): CH4App: [Mote 1] REQ sent
ERROR (1): CH4App: ACK not received. Waiting for next timer call...
DEBUG (1): timer: [29000] timer fired, counter now is 28.

DEBUG (1): CH4App: [Mote 1] REQ sent
ERROR (1): CH4App: ACK not received. Waiting for next timer call...
DEBUG (1): timer: [30000] timer fired, counter now is 29.

DEBUG (1): CH4App: [Mote 1] REQ sent
ERROR (1): CH4App: ACK not received. Waiting for next timer call...
DEBUG (1): timer: [31000] timer fired, counter now is 30.

DEBUG (1): CH4App: [Mote 1] REQ sent
ERROR (1): CH4App: ACK not received. Waiting for next timer call...
DEBUG (1): timer: [32000] timer fired, counter now is 31.

DEBUG (1): CH4App: [Mote 1] REQ sent
ERROR (1): CH4App: ACK not received. Waiting for next timer call...
DEBUG (1): timer: [33000] timer fired, counter now is 32.

DEBUG (1): CH4App: [Mote 1] REQ sent
ERROR (1): CH4App: ACK not received. Waiting for next timer call...
DEBUG (1): timer: [34000] timer fired, counter now is 33.

DEBUG (1): CH4App: [Mote 1] REQ sent
ERROR (1): CH4App: ACK not received. Waiting for next timer call...
DEBUG (1): timer: [35000] timer fired, counter now is 34.

DEBUG (1): CH4App: [Mote 1] REQ sent
ERROR (1): CH4App: ACK not received. Waiting for next timer call...
DEBUG (1): timer: [36000] timer fired, counter now is 35.

DEBUG (1): CH4App: [Mote 1] REQ sent
ERROR (1): CH4App: ACK not received. Waiting for next timer call...
DEBUG (1): timer: [37000] timer fired, counter now is 36.

DEBUG (1): CH4App: [Mote 1] REQ sent
ERROR (1): CH4App: ACK not received. Waiting for next timer call...
DEBUG (1): timer: [38000] timer fired, counter now is 37.

DEBUG (1): CH4App: [Mote 1] REQ sent
ERROR (1): CH4App: ACK not received. Waiting for next timer call...
DEBUG (1): timer: [39000] timer fired, counter now is 38.

DEBUG (1): CH4App: [Mote 1] REQ sent
ERROR (1): CH4App: ACK not received. Waiting for next timer call...
DEBUG (1): timer: [40000] timer fired, counter now is 39.

DEBUG (1): CH4App: [Mote 1] REQ sent
ERROR (1): CH4App: ACK not received. Waiting for next timer call...
DEBUG (1): timer: [41000] timer fired, counter now is 40.

DEBUG (1): CH4App: [Mote 1] REQ sent
ERROR (1): CH4App: ACK not received. Waiting for next timer call...
DEBUG (1): timer: [42000] timer fired, counter now is 41.

DEBUG (1): CH4App: [Mote 1] REQ sent
ERROR (1): CH4App: ACK not received. Waiting for next timer call...
DEBUG (1): timer: [43000] timer fired, counter now is 42.

DEBUG (1): CH4App: [Mote 1] REQ sent
ERROR (1): CH4App: ACK not received. Waiting for next timer call...
DEBUG (1): timer: [44000] timer fired, counter now is 43.

DEBUG (1): CH4App: [Mote 1] REQ sent
ERROR (1): CH4App: ACK not received. Waiting for next timer call...
DEBUG (1): timer: [45000] timer fired, counter now is 44.

DEBUG (1): CH4App: [Mote 1] REQ sent
ERROR (1): CH4App: ACK not received. Waiting for next timer call...
DEBUG (1): timer: [46000] timer fired, counter now is 45.

DEBUG (1): CH4App: [Mote 1] REQ sent
ERROR (1): CH4App: ACK not received. Waiting for next timer call...
DEBUG (1): timer: [47000] timer fired, counter now is 46.

DEBUG (1): CH4App: [Mote 1] REQ sent
ERROR (1): CH4App: ACK not received. Waiting for next timer call...
DEBUG (1): timer: [48000] timer fired, counter now is 47.

DEBUG (1): CH4App: [Mote 1] REQ sent
ERROR (1): CH4App: ACK not received. Waiting for next timer call...
DEBUG (1): timer: [49000] timer fired, counter now is 48.

DEBUG (1): CH4App: [Mote 1] REQ sent
ERROR (1): CH4App: ACK not received. Waiting for next timer call...
DEBUG (1): timer: [50000] timer fired, counter now is 49.

DEBUG (1): CH4App: [Mote 1] REQ sent
ERROR (1): CH4App: ACK not received. Waiting for next timer call...
DEBUG (1): timer: [51000] timer fired, counter now is 50.

DEBUG (1): CH4App: [Mote 1] REQ sent
ERROR (1): CH4App: ACK not received. Waiting for next timer call...
DEBUG (1): timer: [52000] timer fired, counter now is 51.

DEBUG (1): CH4App: [Mote 1] REQ sent
ERROR (1): CH4App: ACK not received. Waiting for next timer call...
DEBUG (1): timer: [53000] timer fired, counter now is 52.

DEBUG (1): CH4App: [Mote 1] REQ sent
ERROR (1): CH4App: ACK not received. Waiting for next timer call...
DEBUG (1): timer: [54000] timer fired, counter now is 53.

DEBUG (1): CH4App: [Mote 1] REQ sent
ERROR (1): CH4App: ACK not received. Waiting for next timer call...
DEBUG (1): timer: [55000] timer fired, counter now is 54.

DEBUG (1): CH4App: [Mote 1] REQ sent
ERROR (1): CH4App: ACK not received. Waiting for next timer call...
DEBUG (1): timer: [56000] timer fired, counter now is 55.

DEBUG (1): CH4App: [Mote 1] REQ sent
ERROR (1): CH4App: ACK not received. Waiting for next timer call...
DEBUG (1): timer: [57000] timer fired, counter now is 56.

DEBUG (1): CH4App: [Mote 1] REQ sent
ERROR (1): CH4App: ACK not received. Waiting for next timer call...
DEBUG (1): timer: [58000] timer fired, counter now is 57.

DEBUG (1): CH4App: [Mote 1] REQ sent
ERROR (1): CH4App: ACK not received. Waiting for next timer call...
DEBUG (1): timer: [59000] timer fired, counter now is 58.

DEBUG (1): CH4App: [Mote 1] REQ sent
ERROR (1): CH4App: ACK not received. Waiting for next timer call...
DEBUG (1): timer: [60000] timer fired, counter now is 59.

DEBUG (1): CH4App: [Mote 1] REQ sent
ERROR (1): CH4App: ACK not received. Waiting for next timer call...
DEBUG (1): timer: [61000] timer fired, counter now is 60.

DEBUG (1): CH4App: [Mote 1] REQ sent
ERROR (1): CH4App: ACK not received. Waiting for next timer call...
DEBUG (1): timer: [62000] timer fired, counter now is 61.

DEBUG (1): CH4App: [Mote 1] REQ sent
ERROR (1): CH4App: ACK not received. Waiting for next timer call...
DEBUG (1): timer: [63000] timer fired, counter now is 62.

DEBUG (1): CH4App: [Mote 1] REQ sent
ERROR (1): CH4App: ACK not received. Waiting for next timer call...
DEBUG (1): timer: [64000] timer fired, counter now is 63.

DEBUG (1): CH4App: [Mote 1] REQ sent
ERROR (1): CH4App: ACK not received. Waiting for next timer call...
DEBUG (1): timer: [65000] timer fired, counter now is 64.

DEBUG (1): CH4App: [Mote 1] REQ sent
ERROR (1): CH4App: ACK not received. Waiting for next timer call...
DEBUG (1): timer: [66000] timer fired, counter now is 65.

DEBUG (1): CH4App: [Mote 1] REQ sent
ERROR (1): CH4App: ACK not received. Waiting for next timer call...
DEBUG (1): timer: [67000] timer fired, counter now is 66.

DEBUG (1): CH4App: [Mote 1] REQ sent
ERROR (1): CH4App: ACK not received. Waiting for next timer call...
DEBUG (1): timer: [68000] timer fired, counter now is 67.

DEBUG (1): CH4App: [Mote 1] REQ sent
ERROR (1): CH4App: ACK not received. Waiting for next timer call...
DEBUG (1): timer: [69000] timer fired, counter now is 68.

DEBUG (1): CH4App: [Mote 1] REQ sent
ERROR (1): CH4App: ACK not received. Waiting for next timer call...
DEBUG (1): timer: [70000] timer fired, counter now is 69.

DEBUG (1): CH4App: [Mote 1] REQ sent
ERROR (1): CH4App: ACK not received. Waiting for next timer call...
DEBUG (1): timer: [71000] timer fired, counter now is 70.

DEBUG (1): CH4App: [Mote 1] REQ sent
ERROR (1): CH4App: ACK not received. Waiting for next timer call...
DEBUG (1): timer: [72000] timer fired, counter now is 71.

DEBUG (1): CH4App: [Mote 1] REQ sent
ERROR (1): CH4App: ACK not received. Waiting for next timer call...
DEBUG (1): timer: [73000] timer fired, counter now is 72.

DEBUG (1): CH4App: [Mote 1] REQ sent
ERROR (1): CH4App: ACK not received. Waiting for next timer call...
DEBUG (1): timer: [74000] timer fired, counter now is 73.

DEBUG (1): CH4App: [Mote 1] REQ sent
ERROR (1): CH4App: ACK not received. Waiting for next timer call...
DEBUG (1): timer: [75000] timer fired, counter now is 74.

DEBUG (1): CH4App: [Mote 1] REQ sent
ERROR (1): CH4App: ACK not received. Waiting for next timer call...
DEBUG (1): timer: [76000] timer fired, counter now is 75.

DEBUG (1): CH4App: [Mote 1] REQ sent
ERROR (1): CH4App: ACK not received. Waiting for next timer call...
DEBUG (1): timer: [77000] timer fired, counter now is 76.

DEBUG (1): CH4App: [Mote 1] REQ sent
ERROR (1): CH4App: ACK not received. Waiting for next timer call...
DEBUG (1): timer: [78000] timer fired, counter now is 77.

DEBUG (1): CH4App: [Mote 1] REQ sent
ERROR (1): CH4App: ACK not received. Waiting for next timer call...
DEBUG (1): timer: [79000] timer fired, counter now is 78.

DEBUG (1): CH4App: [Mote 1] REQ sent
ERROR (1): CH4App: ACK not received. Waiting for next timer call...
DEBUG (1): timer: [80000] timer fired, counter now is 79.

DEBUG (1): CH4App: [Mote 1] REQ sent
ERROR (1): CH4App: ACK not received. Waiting for next timer call...
DEBUG (1): timer: [81000] timer fired, counter now is 80.

DEBUG (1): CH4App: [Mote 1] REQ sent
ERROR (1): CH4App: ACK not received. Waiting for next timer call...
DEBUG (1): timer: [82000] timer fired, counter now is 81.

DEBUG (1): CH4App: [Mote 1] REQ sent
ERROR (1): CH4App: ACK not received. Waiting for next timer call...
DEBUG (1): timer: [83000] timer fired, counter now is 82.

DEBUG (1): CH4App: [Mote 1] REQ sent
ERROR (1): CH4App: ACK not received. Waiting for next timer call...
DEBUG (1): timer: [84000] timer fired, counter now is 83.

DEBUG (1): CH4App: [Mote 1] REQ sent
ERROR (1): CH4App: ACK not received. Waiting for next timer call...
DEBUG (2): boot: [0] Application booted.
DEBUG (2): [0] Radio on on node 2!
DEBUG (1): timer: [85000] timer fired, counter now is 84.

DEBUG (1): CH4App: [Mote 1] REQ sent
DEBUG (2): CH4App [Mote 2]: REQ received
DEBUG (1): CH4App: [Mote 1] REQ-ACK received, X is now 1
DEBUG (2): CH4App: [Mote 2] Read done.
DEBUG (2): CH4App: [Mote 2] packet content:
	type: 2
	counter: 85
	data: 245
DEBUG (2): CH4App [Mote 2]: RESP sent
DEBUG (1): CH4App [Mote 1]: RESP received
DEBUG (1): timer: [86000] timer fired, counter now is 85.

DEBUG (1): CH4App: [Mote 1] REQ sent
DEBUG (2): CH4App [Mote 2]: REQ received
DEBUG (1): CH4App: [Mote 1] REQ-ACK received, X is now 0
DEBUG (1): CH4App: Stopping timer.
DEBUG (1): timer: timer stopped.
DEBUG (2): CH4App: [Mote 2] Read done.
DEBUG (2): CH4App: [Mote 2] packet content:
	type: 2
	counter: 86
	data: 211
DEBUG (2): CH4App [Mote 2]: RESP sent
DEBUG (1): CH4App [Mote 1]: RESP received
